mode: set
github.com/onegreyonewhite/easyrest-plugin-mysql/mysql_plugin.go:54.87,55.16 1 1
github.com/onegreyonewhite/easyrest-plugin-mysql/mysql_plugin.go:55.16,57.3 1 1
github.com/onegreyonewhite/easyrest-plugin-mysql/mysql_plugin.go:59.2,61.16 3 1
github.com/onegreyonewhite/easyrest-plugin-mysql/mysql_plugin.go:61.16,63.3 1 0
github.com/onegreyonewhite/easyrest-plugin-mysql/mysql_plugin.go:64.2,64.23 1 1
github.com/onegreyonewhite/easyrest-plugin-mysql/mysql_plugin.go:64.23,66.3 1 0
github.com/onegreyonewhite/easyrest-plugin-mysql/mysql_plugin.go:67.2,70.28 3 1
github.com/onegreyonewhite/easyrest-plugin-mysql/mysql_plugin.go:70.28,73.3 2 1
github.com/onegreyonewhite/easyrest-plugin-mysql/mysql_plugin.go:74.2,76.16 3 1
github.com/onegreyonewhite/easyrest-plugin-mysql/mysql_plugin.go:76.16,78.3 1 0
github.com/onegreyonewhite/easyrest-plugin-mysql/mysql_plugin.go:79.2,79.12 1 1
github.com/onegreyonewhite/easyrest-plugin-mysql/mysql_plugin.go:83.63,85.16 2 1
github.com/onegreyonewhite/easyrest-plugin-mysql/mysql_plugin.go:85.16,87.3 1 0
github.com/onegreyonewhite/easyrest-plugin-mysql/mysql_plugin.go:88.2,90.15 3 1
github.com/onegreyonewhite/easyrest-plugin-mysql/mysql_plugin.go:90.15,93.26 3 1
github.com/onegreyonewhite/easyrest-plugin-mysql/mysql_plugin.go:93.26,95.4 1 1
github.com/onegreyonewhite/easyrest-plugin-mysql/mysql_plugin.go:96.3,96.51 1 1
github.com/onegreyonewhite/easyrest-plugin-mysql/mysql_plugin.go:96.51,98.4 1 0
github.com/onegreyonewhite/easyrest-plugin-mysql/mysql_plugin.go:99.3,100.32 2 1
github.com/onegreyonewhite/easyrest-plugin-mysql/mysql_plugin.go:100.32,102.43 1 1
github.com/onegreyonewhite/easyrest-plugin-mysql/mysql_plugin.go:102.43,103.83 1 1
github.com/onegreyonewhite/easyrest-plugin-mysql/mysql_plugin.go:103.83,105.6 1 1
github.com/onegreyonewhite/easyrest-plugin-mysql/mysql_plugin.go:105.11,107.6 1 1
github.com/onegreyonewhite/easyrest-plugin-mysql/mysql_plugin.go:108.10,108.47 1 1
github.com/onegreyonewhite/easyrest-plugin-mysql/mysql_plugin.go:108.47,110.5 1 1
github.com/onegreyonewhite/easyrest-plugin-mysql/mysql_plugin.go:110.10,112.5 1 1
github.com/onegreyonewhite/easyrest-plugin-mysql/mysql_plugin.go:114.3,114.36 1 1
github.com/onegreyonewhite/easyrest-plugin-mysql/mysql_plugin.go:116.2,116.32 1 1
github.com/onegreyonewhite/easyrest-plugin-mysql/mysql_plugin.go:116.32,118.3 1 0
github.com/onegreyonewhite/easyrest-plugin-mysql/mysql_plugin.go:119.2,119.21 1 1
github.com/onegreyonewhite/easyrest-plugin-mysql/mysql_plugin.go:125.56,126.41 1 1
github.com/onegreyonewhite/easyrest-plugin-mysql/mysql_plugin.go:126.41,128.3 1 0
github.com/onegreyonewhite/easyrest-plugin-mysql/mysql_plugin.go:129.2,131.16 3 1
github.com/onegreyonewhite/easyrest-plugin-mysql/mysql_plugin.go:131.16,133.3 1 0
github.com/onegreyonewhite/easyrest-plugin-mysql/mysql_plugin.go:134.2,137.34 4 1
github.com/onegreyonewhite/easyrest-plugin-mysql/mysql_plugin.go:137.34,139.3 1 0
github.com/onegreyonewhite/easyrest-plugin-mysql/mysql_plugin.go:140.2,142.16 3 1
github.com/onegreyonewhite/easyrest-plugin-mysql/mysql_plugin.go:142.16,144.3 1 0
github.com/onegreyonewhite/easyrest-plugin-mysql/mysql_plugin.go:146.2,146.41 1 1
github.com/onegreyonewhite/easyrest-plugin-mysql/mysql_plugin.go:146.41,148.3 1 0
github.com/onegreyonewhite/easyrest-plugin-mysql/mysql_plugin.go:149.2,149.12 1 1
github.com/onegreyonewhite/easyrest-plugin-mysql/mysql_plugin.go:153.44,161.16 4 1
github.com/onegreyonewhite/easyrest-plugin-mysql/mysql_plugin.go:161.16,163.3 1 0
github.com/onegreyonewhite/easyrest-plugin-mysql/mysql_plugin.go:164.2,165.18 2 1
github.com/onegreyonewhite/easyrest-plugin-mysql/mysql_plugin.go:165.18,168.103 3 1
github.com/onegreyonewhite/easyrest-plugin-mysql/mysql_plugin.go:168.103,170.4 1 0
github.com/onegreyonewhite/easyrest-plugin-mysql/mysql_plugin.go:171.3,173.10 3 1
github.com/onegreyonewhite/easyrest-plugin-mysql/mysql_plugin.go:173.10,175.4 1 1
github.com/onegreyonewhite/easyrest-plugin-mysql/mysql_plugin.go:176.3,177.20 2 1
github.com/onegreyonewhite/easyrest-plugin-mysql/mysql_plugin.go:177.20,179.4 1 1
github.com/onegreyonewhite/easyrest-plugin-mysql/mysql_plugin.go:181.3,181.14 1 1
github.com/onegreyonewhite/easyrest-plugin-mysql/mysql_plugin.go:181.14,183.4 1 1
github.com/onegreyonewhite/easyrest-plugin-mysql/mysql_plugin.go:183.9,185.101 1 1
github.com/onegreyonewhite/easyrest-plugin-mysql/mysql_plugin.go:185.101,192.5 1 1
github.com/onegreyonewhite/easyrest-plugin-mysql/mysql_plugin.go:194.3,194.28 1 1
github.com/onegreyonewhite/easyrest-plugin-mysql/mysql_plugin.go:196.2,196.12 1 1
github.com/onegreyonewhite/easyrest-plugin-mysql/mysql_plugin.go:202.139,204.9 2 1
github.com/onegreyonewhite/easyrest-plugin-mysql/mysql_plugin.go:204.9,206.3 1 0
github.com/onegreyonewhite/easyrest-plugin-mysql/mysql_plugin.go:208.2,208.47 1 1
github.com/onegreyonewhite/easyrest-plugin-mysql/mysql_plugin.go:208.47,210.3 1 0
github.com/onegreyonewhite/easyrest-plugin-mysql/mysql_plugin.go:211.2,213.37 3 1
github.com/onegreyonewhite/easyrest-plugin-mysql/mysql_plugin.go:213.37,216.26 3 1
github.com/onegreyonewhite/easyrest-plugin-mysql/mysql_plugin.go:216.26,217.40 1 1
github.com/onegreyonewhite/easyrest-plugin-mysql/mysql_plugin.go:217.40,220.10 3 1
github.com/onegreyonewhite/easyrest-plugin-mysql/mysql_plugin.go:223.3,223.13 1 1
github.com/onegreyonewhite/easyrest-plugin-mysql/mysql_plugin.go:223.13,225.4 1 0
github.com/onegreyonewhite/easyrest-plugin-mysql/mysql_plugin.go:226.3,226.66 1 1
github.com/onegreyonewhite/easyrest-plugin-mysql/mysql_plugin.go:226.66,228.4 1 1
github.com/onegreyonewhite/easyrest-plugin-mysql/mysql_plugin.go:228.9,231.4 2 1
github.com/onegreyonewhite/easyrest-plugin-mysql/mysql_plugin.go:234.2,234.22 1 1
github.com/onegreyonewhite/easyrest-plugin-mysql/mysql_plugin.go:234.22,236.38 2 1
github.com/onegreyonewhite/easyrest-plugin-mysql/mysql_plugin.go:236.38,237.40 1 1
github.com/onegreyonewhite/easyrest-plugin-mysql/mysql_plugin.go:237.40,239.10 2 1
github.com/onegreyonewhite/easyrest-plugin-mysql/mysql_plugin.go:242.3,242.13 1 1
github.com/onegreyonewhite/easyrest-plugin-mysql/mysql_plugin.go:242.13,244.4 1 0
github.com/onegreyonewhite/easyrest-plugin-mysql/mysql_plugin.go:246.2,247.28 2 1
github.com/onegreyonewhite/easyrest-plugin-mysql/mysql_plugin.go:247.28,250.3 1 1
github.com/onegreyonewhite/easyrest-plugin-mysql/mysql_plugin.go:250.8,252.3 1 1
github.com/onegreyonewhite/easyrest-plugin-mysql/mysql_plugin.go:253.2,254.16 2 1
github.com/onegreyonewhite/easyrest-plugin-mysql/mysql_plugin.go:254.16,256.3 1 0
github.com/onegreyonewhite/easyrest-plugin-mysql/mysql_plugin.go:257.2,258.16 2 1
github.com/onegreyonewhite/easyrest-plugin-mysql/mysql_plugin.go:258.16,259.52 1 1
github.com/onegreyonewhite/easyrest-plugin-mysql/mysql_plugin.go:259.52,261.4 1 0
github.com/onegreyonewhite/easyrest-plugin-mysql/mysql_plugin.go:263.2,264.16 2 1
github.com/onegreyonewhite/easyrest-plugin-mysql/mysql_plugin.go:264.16,266.3 1 0
github.com/onegreyonewhite/easyrest-plugin-mysql/mysql_plugin.go:267.2,268.16 2 1
github.com/onegreyonewhite/easyrest-plugin-mysql/mysql_plugin.go:268.16,271.3 2 1
github.com/onegreyonewhite/easyrest-plugin-mysql/mysql_plugin.go:272.2,274.16 3 1
github.com/onegreyonewhite/easyrest-plugin-mysql/mysql_plugin.go:274.16,277.3 2 0
github.com/onegreyonewhite/easyrest-plugin-mysql/mysql_plugin.go:278.2,278.36 1 1
github.com/onegreyonewhite/easyrest-plugin-mysql/mysql_plugin.go:278.36,280.3 1 0
github.com/onegreyonewhite/easyrest-plugin-mysql/mysql_plugin.go:281.2,281.20 1 1
github.com/onegreyonewhite/easyrest-plugin-mysql/mysql_plugin.go:287.120,290.27 2 1
github.com/onegreyonewhite/easyrest-plugin-mysql/mysql_plugin.go:290.27,292.3 1 1
github.com/onegreyonewhite/easyrest-plugin-mysql/mysql_plugin.go:293.2,295.16 3 1
github.com/onegreyonewhite/easyrest-plugin-mysql/mysql_plugin.go:295.16,297.3 1 0
github.com/onegreyonewhite/easyrest-plugin-mysql/mysql_plugin.go:298.2,299.22 2 1
github.com/onegreyonewhite/easyrest-plugin-mysql/mysql_plugin.go:299.22,301.3 1 1
github.com/onegreyonewhite/easyrest-plugin-mysql/mysql_plugin.go:302.2,302.23 1 1
github.com/onegreyonewhite/easyrest-plugin-mysql/mysql_plugin.go:302.23,304.3 1 1
github.com/onegreyonewhite/easyrest-plugin-mysql/mysql_plugin.go:305.2,305.15 1 1
github.com/onegreyonewhite/easyrest-plugin-mysql/mysql_plugin.go:305.15,307.3 1 1
github.com/onegreyonewhite/easyrest-plugin-mysql/mysql_plugin.go:308.2,308.16 1 1
github.com/onegreyonewhite/easyrest-plugin-mysql/mysql_plugin.go:308.16,310.3 1 1
github.com/onegreyonewhite/easyrest-plugin-mysql/mysql_plugin.go:311.2,311.16 1 1
github.com/onegreyonewhite/easyrest-plugin-mysql/mysql_plugin.go:311.16,313.17 2 1
github.com/onegreyonewhite/easyrest-plugin-mysql/mysql_plugin.go:313.17,315.4 1 0
github.com/onegreyonewhite/easyrest-plugin-mysql/mysql_plugin.go:316.3,317.52 2 1
github.com/onegreyonewhite/easyrest-plugin-mysql/mysql_plugin.go:317.52,319.4 1 0
github.com/onegreyonewhite/easyrest-plugin-mysql/mysql_plugin.go:320.3,322.17 3 1
github.com/onegreyonewhite/easyrest-plugin-mysql/mysql_plugin.go:322.17,324.4 1 0
github.com/onegreyonewhite/easyrest-plugin-mysql/mysql_plugin.go:325.3,326.24 2 1
github.com/onegreyonewhite/easyrest-plugin-mysql/mysql_plugin.go:328.2,329.16 2 1
github.com/onegreyonewhite/easyrest-plugin-mysql/mysql_plugin.go:329.16,331.3 1 0
github.com/onegreyonewhite/easyrest-plugin-mysql/mysql_plugin.go:332.2,333.23 2 1
github.com/onegreyonewhite/easyrest-plugin-mysql/mysql_plugin.go:338.150,340.16 2 1
github.com/onegreyonewhite/easyrest-plugin-mysql/mysql_plugin.go:340.16,342.3 1 0
github.com/onegreyonewhite/easyrest-plugin-mysql/mysql_plugin.go:343.2,345.16 3 1
github.com/onegreyonewhite/easyrest-plugin-mysql/mysql_plugin.go:345.16,347.3 1 0
github.com/onegreyonewhite/easyrest-plugin-mysql/mysql_plugin.go:348.2,348.16 1 1
github.com/onegreyonewhite/easyrest-plugin-mysql/mysql_plugin.go:348.16,349.52 1 1
github.com/onegreyonewhite/easyrest-plugin-mysql/mysql_plugin.go:349.52,352.4 2 0
github.com/onegreyonewhite/easyrest-plugin-mysql/mysql_plugin.go:354.2,355.27 2 1
github.com/onegreyonewhite/easyrest-plugin-mysql/mysql_plugin.go:355.27,359.22 4 1
github.com/onegreyonewhite/easyrest-plugin-mysql/mysql_plugin.go:359.22,361.4 1 1
github.com/onegreyonewhite/easyrest-plugin-mysql/mysql_plugin.go:362.3,363.26 2 1
github.com/onegreyonewhite/easyrest-plugin-mysql/mysql_plugin.go:363.26,365.70 2 1
github.com/onegreyonewhite/easyrest-plugin-mysql/mysql_plugin.go:365.70,367.5 1 1
github.com/onegreyonewhite/easyrest-plugin-mysql/mysql_plugin.go:367.10,370.5 2 1
github.com/onegreyonewhite/easyrest-plugin-mysql/mysql_plugin.go:372.3,374.85 3 1
github.com/onegreyonewhite/easyrest-plugin-mysql/mysql_plugin.go:374.85,377.4 2 0
github.com/onegreyonewhite/easyrest-plugin-mysql/mysql_plugin.go:378.3,378.33 1 1
github.com/onegreyonewhite/easyrest-plugin-mysql/mysql_plugin.go:380.2,380.36 1 1
github.com/onegreyonewhite/easyrest-plugin-mysql/mysql_plugin.go:380.36,382.3 1 0
github.com/onegreyonewhite/easyrest-plugin-mysql/mysql_plugin.go:383.2,383.21 1 1
github.com/onegreyonewhite/easyrest-plugin-mysql/mysql_plugin.go:388.157,390.16 2 1
github.com/onegreyonewhite/easyrest-plugin-mysql/mysql_plugin.go:390.16,392.3 1 0
github.com/onegreyonewhite/easyrest-plugin-mysql/mysql_plugin.go:393.2,395.16 3 1
github.com/onegreyonewhite/easyrest-plugin-mysql/mysql_plugin.go:395.16,397.3 1 0
github.com/onegreyonewhite/easyrest-plugin-mysql/mysql_plugin.go:398.2,399.22 2 1
github.com/onegreyonewhite/easyrest-plugin-mysql/mysql_plugin.go:399.22,401.3 1 1
github.com/onegreyonewhite/easyrest-plugin-mysql/mysql_plugin.go:402.2,405.25 4 1
github.com/onegreyonewhite/easyrest-plugin-mysql/mysql_plugin.go:405.25,406.70 1 1
github.com/onegreyonewhite/easyrest-plugin-mysql/mysql_plugin.go:406.70,408.4 1 1
github.com/onegreyonewhite/easyrest-plugin-mysql/mysql_plugin.go:408.9,411.4 2 1
github.com/onegreyonewhite/easyrest-plugin-mysql/mysql_plugin.go:413.2,415.16 3 1
github.com/onegreyonewhite/easyrest-plugin-mysql/mysql_plugin.go:415.16,418.3 2 0
github.com/onegreyonewhite/easyrest-plugin-mysql/mysql_plugin.go:419.2,421.16 3 1
github.com/onegreyonewhite/easyrest-plugin-mysql/mysql_plugin.go:421.16,422.52 1 1
github.com/onegreyonewhite/easyrest-plugin-mysql/mysql_plugin.go:422.52,425.4 2 0
github.com/onegreyonewhite/easyrest-plugin-mysql/mysql_plugin.go:426.3,426.65 1 1
github.com/onegreyonewhite/easyrest-plugin-mysql/mysql_plugin.go:428.2,429.16 2 1
github.com/onegreyonewhite/easyrest-plugin-mysql/mysql_plugin.go:429.16,432.3 2 0
github.com/onegreyonewhite/easyrest-plugin-mysql/mysql_plugin.go:433.2,434.16 2 1
github.com/onegreyonewhite/easyrest-plugin-mysql/mysql_plugin.go:434.16,437.3 2 0
github.com/onegreyonewhite/easyrest-plugin-mysql/mysql_plugin.go:438.2,438.36 1 1
github.com/onegreyonewhite/easyrest-plugin-mysql/mysql_plugin.go:438.36,440.3 1 0
github.com/onegreyonewhite/easyrest-plugin-mysql/mysql_plugin.go:441.2,441.27 1 1
github.com/onegreyonewhite/easyrest-plugin-mysql/mysql_plugin.go:446.128,448.16 2 1
github.com/onegreyonewhite/easyrest-plugin-mysql/mysql_plugin.go:448.16,450.3 1 0
github.com/onegreyonewhite/easyrest-plugin-mysql/mysql_plugin.go:451.2,453.16 3 1
github.com/onegreyonewhite/easyrest-plugin-mysql/mysql_plugin.go:453.16,455.3 1 0
github.com/onegreyonewhite/easyrest-plugin-mysql/mysql_plugin.go:456.2,457.16 2 1
github.com/onegreyonewhite/easyrest-plugin-mysql/mysql_plugin.go:457.16,460.3 2 0
github.com/onegreyonewhite/easyrest-plugin-mysql/mysql_plugin.go:461.2,463.16 3 1
github.com/onegreyonewhite/easyrest-plugin-mysql/mysql_plugin.go:463.16,464.52 1 1
github.com/onegreyonewhite/easyrest-plugin-mysql/mysql_plugin.go:464.52,467.4 2 0
github.com/onegreyonewhite/easyrest-plugin-mysql/mysql_plugin.go:468.3,468.65 1 1
github.com/onegreyonewhite/easyrest-plugin-mysql/mysql_plugin.go:470.2,471.16 2 1
github.com/onegreyonewhite/easyrest-plugin-mysql/mysql_plugin.go:471.16,474.3 2 0
github.com/onegreyonewhite/easyrest-plugin-mysql/mysql_plugin.go:475.2,476.16 2 1
github.com/onegreyonewhite/easyrest-plugin-mysql/mysql_plugin.go:476.16,479.3 2 0
github.com/onegreyonewhite/easyrest-plugin-mysql/mysql_plugin.go:480.2,480.36 1 1
github.com/onegreyonewhite/easyrest-plugin-mysql/mysql_plugin.go:480.36,482.3 1 0
github.com/onegreyonewhite/easyrest-plugin-mysql/mysql_plugin.go:483.2,483.27 1 1
github.com/onegreyonewhite/easyrest-plugin-mysql/mysql_plugin.go:486.13,489.18 3 0
github.com/onegreyonewhite/easyrest-plugin-mysql/mysql_plugin.go:489.18,492.3 2 0
github.com/onegreyonewhite/easyrest-plugin-mysql/mysql_plugin.go:493.2,499.4 2 0
